[ 2017-06-21T15:14:45+08:00 ] ::1 /shop/style/hm.js
ERR: 无法加载模块:Style

[ 2017-06-21T15:14:45+08:00 ] ::1 /shop/style/common.js
ERR: 无法加载模块:Style

[ 2017-06-21T15:14:45+08:00 ] ::1 /shop/style/index.js
ERR: 无法加载模块:Style

[ 2017-06-21T15:14:45+08:00 ] ::1 /shop/list_files/transport.js
ERR: 无法加载模块:List_files

[ 2017-06-21T15:14:45+08:00 ] ::1 /shop/list_files/utils.js
ERR: 无法加载模块:List_files

[ 2017-06-21T15:14:46+08:00 ] ::1 /shop/Public/style/siderIM_bg.gif
ERR: 无法加载模块:Public

[ 2017-06-21T15:14:48+08:00 ] ::1 /shop/Public/style/siderIM_infobox.gif
ERR: 无法加载模块:Public

[ 2017-06-21T15:14:48+08:00 ] ::1 /shop/Public/style/siderIM_title.gif
ERR: 无法加载模块:Public

[ 2017-06-21T15:14:49+08:00 ] ::1 /shop/Public/style/siderIM_bottom.gif
ERR: 无法加载模块:Public

[ 2017-06-21T15:15:09+08:00 ] ::1 /shop/mbmeilishuo/goods.php?id=134
ERR: 无法加载模块:Mbmeilishuo

[ 2017-06-21T15:15:41+08:00 ] ::1 /shop/style/hm.js
ERR: 无法加载模块:Style

[ 2017-06-21T15:15:41+08:00 ] ::1 /shop/style/index.js
ERR: 无法加载模块:Style

[ 2017-06-21T15:15:41+08:00 ] ::1 /shop/list_files/transport.js
ERR: 无法加载模块:List_files

[ 2017-06-21T15:15:41+08:00 ] ::1 /shop/style/common.js
ERR: 无法加载模块:Style

[ 2017-06-21T15:15:41+08:00 ] ::1 /shop/list_files/utils.js
ERR: 无法加载模块:List_files

[ 2017-06-21T15:15:42+08:00 ] ::1 /shop/Public/style/siderIM_bg.gif
ERR: 无法加载模块:Public

[ 2017-06-21T15:15:44+08:00 ] ::1 /shop/Public/style/siderIM_infobox.gif
ERR: 无法加载模块:Public

[ 2017-06-21T15:15:44+08:00 ] ::1 /shop/Public/style/siderIM_title.gif
ERR: 无法加载模块:Public

[ 2017-06-21T15:15:44+08:00 ] ::1 /shop/Public/style/siderIM_bottom.gif
ERR: 无法加载模块:Public

[ 2017-06-21T15:16:07+08:00 ] ::1 /shop/mbmeilishuo/goods.php?id=134
ERR: 无法加载模块:Mbmeilishuo

[ 2017-06-21T15:21:30+08:00 ] ::1 /shop/style/hm.js
ERR: 无法加载模块:Style



[ 2017-06-21T15:21:30+08:00 ] ::1 /shop/style/index.js
ERR: 无法加载模块:Style

[ 2017-06-21T15:21:30+08:00 ] ::1 /shop/list_files/utils.js
ERR: 无法加载模块:List_files

[ 2017-06-21T15:21:30+08:00 ] ::1 /shop/list_files/transport.js
ERR: 无法加载模块:List_files

[ 2017-06-21T15:21:31+08:00 ] ::1 /shop/Public/style/siderIM_bg.gif
ERR: 无法加载模块:Public

[ 2017-06-21T15:21:34+08:00 ] ::1 /shop/Public/style/siderIM_title.gif
ERR: 无法加载模块:Public

[ 2017-06-21T15:21:34+08:00 ] ::1 /shop/Public/style/siderIM_bottom.gif
ERR: 无法加载模块:Public

[ 2017-06-21T15:21:34+08:00 ] ::1 /shop/Public/style/siderIM_infobox.gif
ERR: 无法加载模块:Public

[ 2017-06-21T15:22:03+08:00 ] ::1 /shop/mbmeilishuo/index.php
ERR: 无法加载模块:Mbmeilishuo

